Unity Editor version:    2022.3.9f1 (ea401c316338)
Branch:                  2022.3/staging
Build type:              Release
Batch mode:              YES
macOS version:           Version 13.2.1 (Build 22D68)
Darwin version:          22.3.0
Architecture:            x86_64
Running under Rosetta:   NO
Available memory:        8192 MB
Using pre-set license
Pro License: YES

COMMAND LINE ARGUMENTS:
/Applications/Unity/Hub/Editor/2022.3.9f1/Unity.app/Contents/MacOS/Unity
-adb2
-batchMode
-noUpm
-name
AssetImportWorker1
-projectPath
/Users/adamkraus/Knifehall.2
-logFile
Logs/AssetImportWorker1.log
-srvPort
64417
Successfully changed project path to: /Users/adamkraus/Knifehall.2
/Users/adamkraus/Knifehall.2
[UnityMemory] Configuration Parameters - Can be set up in boot.config
    "memorysetup-bucket-allocator-granularity=16"
    "memorysetup-bucket-allocator-bucket-count=8"
    "memorysetup-bucket-allocator-block-size=33554432"
    "memorysetup-bucket-allocator-block-count=8"
    "memorysetup-main-allocator-block-size=16777216"
    "memorysetup-thread-allocator-block-size=16777216"
    "memorysetup-gfx-main-allocator-block-size=16777216"
    "memorysetup-gfx-thread-allocator-block-size=16777216"
    "memorysetup-cache-allocator-block-size=4194304"
    "memorysetup-typetree-allocator-block-size=2097152"
    "memorysetup-profiler-bucket-allocator-granularity=16"
    "memorysetup-profiler-bucket-allocator-bucket-count=8"
    "memorysetup-profiler-bucket-allocator-block-size=33554432"
    "memorysetup-profiler-bucket-allocator-block-count=8"
    "memorysetup-profiler-allocator-block-size=16777216"
    "memorysetup-profiler-editor-allocator-block-size=1048576"
    "memorysetup-temp-allocator-size-main=16777216"
    "memorysetup-job-temp-allocator-block-size=2097152"
    "memorysetup-job-temp-allocator-block-size-background=1048576"
    "memorysetup-job-temp-allocator-reduction-small-platforms=262144"
    "memorysetup-allocator-temp-initial-block-size-main=262144"
    "memorysetup-allocator-temp-initial-block-size-worker=262144"
    "memorysetup-temp-allocator-size-background-worker=32768"
    "memorysetup-temp-allocator-size-job-worker=262144"
    "memorysetup-temp-allocator-size-preload-manager=33554432"
    "memorysetup-temp-allocator-size-nav-mesh-worker=65536"
    "memorysetup-temp-allocator-size-audio-worker=65536"
    "memorysetup-temp-allocator-size-cloud-worker=32768"
    "memorysetup-temp-allocator-size-gi-baking-worker=262144"
    "memorysetup-temp-allocator-size-gfx=262144"
Player connection [140704636515968] Host "[IP] 192.168.1.221 [Port] 0 [Flags] 2 [Guid] 3607062908 [EditorId] 3607062908 [Version] 1048832 [Id] OSXEditor(0,Adams-MBP.lan) [Debug] 1 [PackageName] OSXEditor [ProjectName] Editor" joined multi-casting on [225.0.0.222:54997]...

Player connection [140704636515968] Host "[IP] 192.168.1.221 [Port] 0 [Flags] 2 [Guid] 3607062908 [EditorId] 3607062908 [Version] 1048832 [Id] OSXEditor(0,Adams-MBP.lan) [Debug] 1 [PackageName] OSXEditor [ProjectName] Editor" joined alternative multi-casting on [225.0.0.222:34997]...

[Physics::Module] Initialized MultithreadedJobDispatcher with 7 workers.
Refreshing native plugins compatible for Editor in 54.76 ms, found 2 plugins.
Preloading 0 native plugins for Editor in 0.00 ms.
Initialize engine version: 2022.3.9f1 (ea401c316338)
[Subsystems] Discovering subsystems at path /Applications/Unity/Hub/Editor/2022.3.9f1/Unity.app/Contents/Resources/UnitySubsystems
[Subsystems] Discovering subsystems at path /Users/adamkraus/Knifehall.2/Assets
GfxDevice: creating device client; threaded=0; jobified=0
Color LCD preferred device: Intel(R) Iris(TM) Plus Graphics 655 (low power)
Metal devices available: 1
0: Intel(R) Iris(TM) Plus Graphics 655 (low power)
Using device Intel(R) Iris(TM) Plus Graphics 655 (low power)
Initializing Metal device caps: Intel(R) Iris(TM) Plus Graphics 655
Initialize mono
Mono path[0] = '/Applications/Unity/Hub/Editor/2022.3.9f1/Unity.app/Contents/Managed'
Mono path[1] = '/Applications/Unity/Hub/Editor/2022.3.9f1/Unity.app/Contents/MonoBleedingEdge/lib/mono/unityjit-macos'
Mono config path = '/Applications/Unity/Hub/Editor/2022.3.9f1/Unity.app/Contents/MonoBleedingEdge/etc'
Using monoOptions --debugger-agent=transport=dt_socket,embedding=1,server=y,suspend=n,address=127.0.0.1:56631
Begin MonoManager ReloadAssembly
Registering precompiled unity dll's ...
Register platform support module: /Applications/Unity/Hub/Editor/2022.3.9f1/Unity.app/Contents/PlaybackEngines/MacStandaloneSupport/UnityEditor.OSXStandalone.Extensions.dll
Register platform support module: /Applications/Unity/Hub/Editor/2022.3.9f1/PlaybackEngines/WindowsStandaloneSupport/UnityEditor.WindowsStandalone.Extensions.dll
Registered in 0.012365 seconds.
- Loaded All Assemblies, in  0.997 seconds
Native extension for WindowsStandalone target not found
Native extension for OSXStandalone target not found
Mono: successfully reloaded assembly
- Finished resetting the current domain, in  0.446 seconds
Domain Reload Profiling: 1442ms
	BeginReloadAssembly (343ms)
		ExecutionOrderSort (0ms)
		DisableScriptedObjects (0ms)
		BackupInstance (0ms)
		ReleaseScriptingObjects (0ms)
		CreateAndSetChildDomain (1ms)
	RebuildCommonClasses (93ms)
	RebuildNativeTypeToScriptingClass (138ms)
	initialDomainReloadingComplete (142ms)
	LoadAllAssembliesAndSetupDomain (280ms)
		LoadAssemblies (343ms)
		RebuildTransferFunctionScriptingTraits (0ms)
		AnalyzeDomain (272ms)
			TypeCache.Refresh (267ms)
				TypeCache.ScanAssembly (237ms)
			ScanForSourceGeneratedMonoScriptInfo (1ms)
			ResolveRequiredComponents (1ms)
	FinalizeReload (446ms)
		ReleaseScriptCaches (0ms)
		RebuildScriptCaches (0ms)
		SetupLoadedEditorAssemblies (345ms)
			LogAssemblyErrors (0ms)
			InitializePlatformSupportModulesInManaged (13ms)
			SetLoadedEditorAssemblies (17ms)
			RefreshPlugins (0ms)
			BeforeProcessingInitializeOnLoad (6ms)
			ProcessInitializeOnLoadAttributes (232ms)
			ProcessInitializeOnLoadMethodAttributes (77ms)
			AfterProcessingInitializeOnLoad (0ms)
			EditorAssembliesLoaded (0ms)
		ExecutionOrderSort2 (0ms)
		AwakeInstancesAfterBackupRestoration (0ms)
========================================================================
Worker process is ready to serve import requests
Begin MonoManager ReloadAssembly
- Loaded All Assemblies, in  2.005 seconds
Refreshing native plugins compatible for Editor in 1.55 ms, found 2 plugins.
Native extension for WindowsStandalone target not found
Native extension for OSXStandalone target not found
Package Manager log level set to [2]
[Package Manager] Server::EnsureServerProcessIsRunning -- launch failed, reason: Unity was launched with the -noUpm command-line argument
[Package Manager] UpmClient::Send -- Unable to send message (not connected to UPM process).
[Package Manager] Cannot connect to Unity Package Manager local server
Mono: successfully reloaded assembly
- Finished resetting the current domain, in  1.084 seconds
Domain Reload Profiling: 3087ms
	BeginReloadAssembly (430ms)
		ExecutionOrderSort (0ms)
		DisableScriptedObjects (28ms)
		BackupInstance (0ms)
		ReleaseScriptingObjects (1ms)
		CreateAndSetChildDomain (110ms)
	RebuildCommonClasses (54ms)
	RebuildNativeTypeToScriptingClass (19ms)
	initialDomainReloadingComplete (79ms)
	LoadAllAssembliesAndSetupDomain (1421ms)
		LoadAssemblies (1008ms)
		RebuildTransferFunctionScriptingTraits (0ms)
		AnalyzeDomain (553ms)
			TypeCache.Refresh (501ms)
				TypeCache.ScanAssembly (429ms)
			ScanForSourceGeneratedMonoScriptInfo (36ms)
			ResolveRequiredComponents (11ms)
	FinalizeReload (1084ms)
		ReleaseScriptCaches (0ms)
		RebuildScriptCaches (0ms)
		SetupLoadedEditorAssemblies (786ms)
			LogAssemblyErrors (0ms)
			InitializePlatformSupportModulesInManaged (7ms)
			SetLoadedEditorAssemblies (5ms)
			RefreshPlugins (0ms)
			BeforeProcessingInitializeOnLoad (86ms)
			ProcessInitializeOnLoadAttributes (573ms)
			ProcessInitializeOnLoadMethodAttributes (113ms)
			AfterProcessingInitializeOnLoad (2ms)
			EditorAssembliesLoaded (0ms)
		ExecutionOrderSort2 (0ms)
		AwakeInstancesAfterBackupRestoration (4ms)
Launching external process: /Applications/Unity/Hub/Editor/2022.3.9f1/Unity.app/Contents/Tools/UnityShaderCompiler
Launched and connected shader compiler UnityShaderCompiler after 0.54 seconds
Refreshing native plugins compatible for Editor in 1.42 ms, found 2 plugins.
Preloading 0 native plugins for Editor in 0.00 ms.
Unloading 5458 Unused Serialized files (Serialized files now loaded: 0)
Unloading 70 unused Assets / (1.3 MB). Loaded Objects now: 5943.
Memory consumption went from 198.5 MB to 197.2 MB.
Total: 9.621508 ms (FindLiveObjects: 0.943041 ms CreateObjectMapping: 0.464324 ms MarkObjects: 6.422109 ms  DeleteObjects: 1.790665 ms)

AssetImportParameters requested are different than current active one (requested -> active):
  custom:container-demuxer-ogg: 62fdf1f143b41e24485cea50d1cbac27 -> 
  custom:video-decoder-ogg-theora: a1e56fd34408186e4bbccfd4996cb3dc -> 
  custom:CustomObjectIndexerAttribute: 756ad292c208cfabdd7b50bc23989ffe -> 
  custom:container-demuxer-webm: 4f35f7cbe854078d1ac9338744f61a02 -> 
  custom:container-muxer-webm: aa71ff27fc2769a1b78a27578f13a17b -> 
  custom:video-decoder-webm-vp8: 9c59270c3fd7afecdb556c50c9e8de78 -> 
  custom:SearchIndexIgnoredProperties: e643bd26f0fe6173181afceb89e7c659 -> 
  custom:AudioImporter_EditorPlatform: 3918e3fc78b5a79bad01e8451be0beb8 -> 
  custom:framework-osx-AVFoundation: e770b220cccbd017edd2c1fefb359320 -> 
  custom:video-encoder-webm-vp8: eb34c28f22e8b96e1ab97ce403110664 -> 
  custom:audio-decoder-ogg-vorbis: bf7c407c2cedff20999df2af8eb42d56 -> 
  custom:audio-encoder-webm-vorbis: bf7c407c2cedff20999df2af8eb42d56 -> 
========================================================================
Received Import Request.
  Time since last request: 138378.701746 seconds.
  path: Assets/TextMesh Pro/Shaders/TMPro_Surface.cginc
  artifactKey: Guid(d930090c0cd643c7b55f19a38538c162) Importer(815301076,1909f56bfc062723c751e8b465ee728b)
Start importing Assets/TextMesh Pro/Shaders/TMPro_Surface.cginc using Guid(d930090c0cd643c7b55f19a38538c162) Importer(815301076,1909f56bfc062723c751e8b465ee728b)  -> (artifact id: '9c686a485411b244d6b24147d7663491') in 0.042296 seconds
Number of updated asset objects reloaded before import = 0
Number of asset objects unloaded after import = 1
========================================================================
Received Import Request.
  Time since last request: 0.012631 seconds.
  path: Assets/Sprites/Warrior free set/Aniamtion/Ladder.anim
  artifactKey: Guid(7c1bece9a5bdcd24d974ee97558a1f46) Importer(815301076,1909f56bfc062723c751e8b465ee728b)
Start importing Assets/Sprites/Warrior free set/Aniamtion/Ladder.anim using Guid(7c1bece9a5bdcd24d974ee97558a1f46) Importer(815301076,1909f56bfc062723c751e8b465ee728b)  -> (artifact id: '0c137d6252ce0cd943f05696f31879f5') in 0.008582 seconds
Number of updated asset objects reloaded before import = 0
Number of asset objects unloaded after import = 1
========================================================================
Received Import Request.
  Time since last request: 0.001994 seconds.
  path: Assets/TextMesh Pro/Shaders
  artifactKey: Guid(e9f693669af91aa45ad615fc681ed29f) Importer(815301076,1909f56bfc062723c751e8b465ee728b)
Start importing Assets/TextMesh Pro/Shaders using Guid(e9f693669af91aa45ad615fc681ed29f) Importer(815301076,1909f56bfc062723c751e8b465ee728b)  -> (artifact id: '82f431fb395f9d0dbbb787304cdb51f5') in 0.000550 seconds
Number of updated asset objects reloaded before import = 0
Number of asset objects unloaded after import = 0
========================================================================
Received Import Request.
  Time since last request: 0.004377 seconds.
  path: Assets/Scripts/Health.cs
  artifactKey: Guid(fb026b2bd99da40eb9098f32df443e8f) Importer(815301076,1909f56bfc062723c751e8b465ee728b)
Start importing Assets/Scripts/Health.cs using Guid(fb026b2bd99da40eb9098f32df443e8f) Importer(815301076,1909f56bfc062723c751e8b465ee728b)  -> (artifact id: 'e64645c55296d6e54ebf2a256e8f7ca9') in 0.000383 seconds
Number of updated asset objects reloaded before import = 0
Number of asset objects unloaded after import = 0
========================================================================
Received Import Request.
  Time since last request: 0.002569 seconds.
  path: Assets/Sprites/Warrior free set/Aniamtion/Edge-Grab.anim
  artifactKey: Guid(77d424ed653f20148bcfe92f576db678) Importer(815301076,1909f56bfc062723c751e8b465ee728b)
Start importing Assets/Sprites/Warrior free set/Aniamtion/Edge-Grab.anim using Guid(77d424ed653f20148bcfe92f576db678) Importer(815301076,1909f56bfc062723c751e8b465ee728b)  -> (artifact id: '3bc12a0078c7dcde64421467197d86a9') in 0.001142 seconds
Number of updated asset objects reloaded before import = 0
Number of asset objects unloaded after import = 1
========================================================================
Received Import Request.
  Time since last request: 0.009831 seconds.
  path: Assets/Sprites/Warrior free set/Aniamtion/Edge-Idle.anim
  artifactKey: Guid(11ba2ffc119f44a4db87278fdd17e1c2) Importer(815301076,1909f56bfc062723c751e8b465ee728b)
Start importing Assets/Sprites/Warrior free set/Aniamtion/Edge-Idle.anim using Guid(11ba2ffc119f44a4db87278fdd17e1c2) Importer(815301076,1909f56bfc062723c751e8b465ee728b)  -> (artifact id: 'f272c0c0e5f02dc46113426a0cdd23a8') in 0.001329 seconds
Number of updated asset objects reloaded before import = 0
Number of asset objects unloaded after import = 1
========================================================================
Received Import Request.
  Time since last request: 0.014100 seconds.
  path: Assets/Scripts/xp.cs
  artifactKey: Guid(9df0ff5b8fec949bd89488aa8ec21688) Importer(815301076,1909f56bfc062723c751e8b465ee728b)
Start importing Assets/Scripts/xp.cs using Guid(9df0ff5b8fec949bd89488aa8ec21688) Importer(815301076,1909f56bfc062723c751e8b465ee728b)  -> (artifact id: 'e324f1ae552770b548900d9d1c92494d') in 0.000343 seconds
Number of updated asset objects reloaded before import = 0
Number of asset objects unloaded after import = 0
========================================================================
Received Import Request.
  Time since last request: 0.008367 seconds.
  path: Assets/TextMesh Pro/Resources/Fonts & Materials/Nexa Bold.otf
  artifactKey: Guid(4ee76bb29361c4e7789207c718d53487) Importer(815301076,1909f56bfc062723c751e8b465ee728b)
Start importing Assets/TextMesh Pro/Resources/Fonts & Materials/Nexa Bold.otf using Guid(4ee76bb29361c4e7789207c718d53487) Importer(815301076,1909f56bfc062723c751e8b465ee728b)  -> (artifact id: '779d588d52a5e722dd7b3e0a71090f92') in 0.228791 seconds
Number of updated asset objects reloaded before import = 0
Number of asset objects unloaded after import = 4
========================================================================
Received Import Request.
  Time since last request: 0.016159 seconds.
  path: Assets/Scripts/AudioManagerMenu.cs
  artifactKey: Guid(42b43c3131afd47088251981de2b9127) Importer(815301076,1909f56bfc062723c751e8b465ee728b)
Start importing Assets/Scripts/AudioManagerMenu.cs using Guid(42b43c3131afd47088251981de2b9127) Importer(815301076,1909f56bfc062723c751e8b465ee728b)  -> (artifact id: '8b6a684a228ce86977165fc2b291f586') in 0.000698 seconds
Number of updated asset objects reloaded before import = 0
Number of asset objects unloaded after import = 0
========================================================================
Received Import Request.
  Time since last request: 0.003928 seconds.
  path: Assets/Sprites/Warrior free set/Aniamtion/Fall.anim
  artifactKey: Guid(9587ae898133e8144b76c4532c6796af) Importer(815301076,1909f56bfc062723c751e8b465ee728b)
Start importing Assets/Sprites/Warrior free set/Aniamtion/Fall.anim using Guid(9587ae898133e8144b76c4532c6796af) Importer(815301076,1909f56bfc062723c751e8b465ee728b)  -> (artifact id: '4072cc5d78c6212799fac3873d0b8615') in 0.001200 seconds
Number of updated asset objects reloaded before import = 0
Number of asset objects unloaded after import = 1
========================================================================
Received Import Request.
  Time since last request: 0.015102 seconds.
  path: Assets/TextMesh Pro/Resources/LineBreaking Following Characters.txt
  artifactKey: Guid(fade42e8bc714b018fac513c043d323b) Importer(815301076,1909f56bfc062723c751e8b465ee728b)
Start importing Assets/TextMesh Pro/Resources/LineBreaking Following Characters.txt using Guid(fade42e8bc714b018fac513c043d323b) Importer(815301076,1909f56bfc062723c751e8b465ee728b)  -> (artifact id: 'b8365c14771796ff17d339b61ffd2609') in 0.001245 seconds
Number of updated asset objects reloaded before import = 0
Number of asset objects unloaded after import = 1
========================================================================
Received Import Request.
  Time since last request: 0.006045 seconds.
  path: Assets/TextMesh Pro/Fonts
  artifactKey: Guid(6ab70aee4d56447429c680537fbf93ed) Importer(815301076,1909f56bfc062723c751e8b465ee728b)
Start importing Assets/TextMesh Pro/Fonts using Guid(6ab70aee4d56447429c680537fbf93ed) Importer(815301076,1909f56bfc062723c751e8b465ee728b)  -> (artifact id: '25524e152126d39616bdb6d7e34b8aa6') in 0.000537 seconds
Number of updated asset objects reloaded before import = 0
Number of asset objects unloaded after import = 0
========================================================================
Received Import Request.
  Time since last request: 0.010317 seconds.
  path: Assets/Sprites/Warrior free set/Aniamtion/Wall-Slide.anim
  artifactKey: Guid(cc1b4dcb9b708d14293484dec9d970a5) Importer(815301076,1909f56bfc062723c751e8b465ee728b)
Start importing Assets/Sprites/Warrior free set/Aniamtion/Wall-Slide.anim using Guid(cc1b4dcb9b708d14293484dec9d970a5) Importer(815301076,1909f56bfc062723c751e8b465ee728b)  -> (artifact id: '58f742a5ad61c4d59c7ba86c82b30bdb') in 0.001137 seconds
Number of updated asset objects reloaded before import = 0
Number of asset objects unloaded after import = 1
========================================================================
Received Import Request.
  Time since last request: 0.001811 seconds.
  path: Assets/Scripts/LoadMain.cs
  artifactKey: Guid(c0feee5e1527b4488ab18862debe1d7c) Importer(815301076,1909f56bfc062723c751e8b465ee728b)
Start importing Assets/Scripts/LoadMain.cs using Guid(c0feee5e1527b4488ab18862debe1d7c) Importer(815301076,1909f56bfc062723c751e8b465ee728b)  -> (artifact id: 'c7240a7337efa4d7c2300f6e7d3b3c0c') in 0.000426 seconds
Number of updated asset objects reloaded before import = 0
Number of asset objects unloaded after import = 0
========================================================================
Received Import Request.
  Time since last request: 0.006813 seconds.
  path: Assets/Sprites/Warrior free set/Aniamtion/jump.anim
  artifactKey: Guid(a6fdf3b62c5b8de418436d0859a8b671) Importer(815301076,1909f56bfc062723c751e8b465ee728b)
Start importing Assets/Sprites/Warrior free set/Aniamtion/jump.anim using Guid(a6fdf3b62c5b8de418436d0859a8b671) Importer(815301076,1909f56bfc062723c751e8b465ee728b)  -> (artifact id: 'fdde6cc89f774cf9f7e3870249e16e80') in 0.001036 seconds
Number of updated asset objects reloaded before import = 0
Number of asset objects unloaded after import = 1
========================================================================
Received Import Request.
  Time since last request: 0.026779 seconds.
  path: Assets/Scenes/Level2.unity
  artifactKey: Guid(202f6444b84534a52b89e97b9eef4e7d) Importer(815301076,1909f56bfc062723c751e8b465ee728b)
Start importing Assets/Scenes/Level2.unity using Guid(202f6444b84534a52b89e97b9eef4e7d) Importer(815301076,1909f56bfc062723c751e8b465ee728b)  -> (artifact id: 'b416cd321e0cb5a75acfb05403d7e206') in 0.000408 seconds
Number of updated asset objects reloaded before import = 0
Number of asset objects unloaded after import = 0
========================================================================
Received Import Request.
  Time since last request: 0.006005 seconds.
  path: Assets/Scripts/Upgrades.cs
  artifactKey: Guid(79e38647c6e4645b0b9672d55b2cf83f) Importer(815301076,1909f56bfc062723c751e8b465ee728b)
Start importing Assets/Scripts/Upgrades.cs using Guid(79e38647c6e4645b0b9672d55b2cf83f) Importer(815301076,1909f56bfc062723c751e8b465ee728b)  -> (artifact id: 'd6da59e781249c8a71c4a6e473cc82bd') in 0.000444 seconds
Number of updated asset objects reloaded before import = 0
Number of asset objects unloaded after import = 0
========================================================================
Received Import Request.
  Time since last request: 0.015778 seconds.
  path: Assets/TextMesh Pro/Shaders/TMP_Bitmap-Custom-Atlas.shader
  artifactKey: Guid(48bb5f55d8670e349b6e614913f9d910) Importer(815301076,1909f56bfc062723c751e8b465ee728b)
Start importing Assets/TextMesh Pro/Shaders/TMP_Bitmap-Custom-Atlas.shader using Guid(48bb5f55d8670e349b6e614913f9d910) Importer(815301076,1909f56bfc062723c751e8b465ee728b)  -> (artifact id: 'cc7e9a5f5a2bb803655bf21f947084fd') in 0.000623 seconds
Number of updated asset objects reloaded before import = 0
Number of asset objects unloaded after import = 0
========================================================================
Received Import Request.
  Time since last request: 0.002101 seconds.
  path: Assets/Sprites/Enemies/Slime/Idle.anim
  artifactKey: Guid(68abe367355fe435cb3b5b4f809b588e) Importer(815301076,1909f56bfc062723c751e8b465ee728b)
Start importing Assets/Sprites/Enemies/Slime/Idle.anim using Guid(68abe367355fe435cb3b5b4f809b588e) Importer(815301076,1909f56bfc062723c751e8b465ee728b)  -> (artifact id: '20d23e75f545a95e2c83af74ce9505b2') in 0.001096 seconds
Number of updated asset objects reloaded before import = 0
Number of asset objects unloaded after import = 1
========================================================================
Received Import Request.
  Time since last request: 0.004157 seconds.
  path: Assets/Sprites/Enemies/Slime/Move.anim
  artifactKey: Guid(719c4798c734047d98c5baf88274df2c) Importer(815301076,1909f56bfc062723c751e8b465ee728b)
Start importing Assets/Sprites/Enemies/Slime/Move.anim using Guid(719c4798c734047d98c5baf88274df2c) Importer(815301076,1909f56bfc062723c751e8b465ee728b)  -> (artifact id: '54891e1e38ca4d5f90d18881ec673124') in 0.001146 seconds
Number of updated asset objects reloaded before import = 0
Number of asset objects unloaded after import = 1
========================================================================
Received Import Request.
  Time since last request: 0.031514 seconds.
  path: Assets/Sprites/Warrior free set/License.txt
  artifactKey: Guid(33f7074a11a3c614884bade5aa4b7466) Importer(815301076,1909f56bfc062723c751e8b465ee728b)
Start importing Assets/Sprites/Warrior free set/License.txt using Guid(33f7074a11a3c614884bade5aa4b7466) Importer(815301076,1909f56bfc062723c751e8b465ee728b)  -> (artifact id: 'f9722b44f0b67d8728da0bc08e7b7707') in 0.001090 seconds
Number of updated asset objects reloaded before import = 0
Number of asset objects unloaded after import = 1
========================================================================
Received Import Request.
  Time since last request: 0.002549 seconds.
  path: Assets/Scripts/SmallPotion.cs
  artifactKey: Guid(12d0d2b82345348a19a3de0469433d10) Importer(815301076,1909f56bfc062723c751e8b465ee728b)
Start importing Assets/Scripts/SmallPotion.cs using Guid(12d0d2b82345348a19a3de0469433d10) Importer(815301076,1909f56bfc062723c751e8b465ee728b)  -> (artifact id: 'bbd32620d83963940ee765772c09b4c9') in 0.000383 seconds
Number of updated asset objects reloaded before import = 0
Number of asset objects unloaded after import = 0
========================================================================
Received Import Request.
  Time since last request: 0.012339 seconds.
  path: Assets/Sprites/slash5-HungNguyen/slash 5 visual vfx profiles/slash-white-black bolder.vfx
  artifactKey: Guid(0f901513bda8d474cbf7d961decd7a7e) Importer(815301076,1909f56bfc062723c751e8b465ee728b)
Start importing Assets/Sprites/slash5-HungNguyen/slash 5 visual vfx profiles/slash-white-black bolder.vfx using Guid(0f901513bda8d474cbf7d961decd7a7e) Importer(815301076,1909f56bfc062723c751e8b465ee728b)  -> (artifact id: '8a745eaf2b1a578276f4bff9c082e368') in 0.005354 seconds
Number of updated asset objects reloaded before import = 0
Number of asset objects unloaded after import = 1
========================================================================
Received Import Request.
  Time since last request: 0.024444 seconds.
  path: Assets/Scripts/AudioManager.cs
  artifactKey: Guid(32e11d2b622354365a47fa265bf73206) Importer(815301076,1909f56bfc062723c751e8b465ee728b)
Start importing Assets/Scripts/AudioManager.cs using Guid(32e11d2b622354365a47fa265bf73206) Importer(815301076,1909f56bfc062723c751e8b465ee728b)  -> (artifact id: '24fdf79c0fcf3aff8d2ab9d7f73da61d') in 0.000389 seconds
Number of updated asset objects reloaded before import = 0
Number of asset objects unloaded after import = 0
========================================================================
Received Import Request.
  Time since last request: 0.002823 seconds.
  path: Assets/TextMesh Pro/Shaders/TMP_Sprite.shader
  artifactKey: Guid(cf81c85f95fe47e1a27f6ae460cf182c) Importer(815301076,1909f56bfc062723c751e8b465ee728b)
Start importing Assets/TextMesh Pro/Shaders/TMP_Sprite.shader using Guid(cf81c85f95fe47e1a27f6ae460cf182c) Importer(815301076,1909f56bfc062723c751e8b465ee728b)  -> (artifact id: 'cabc183c6659d655b65cbf1a23fd995b') in 0.000597 seconds
Number of updated asset objects reloaded before import = 0
Number of asset objects unloaded after import = 0
========================================================================
Received Import Request.
  Time since last request: 0.001598 seconds.
  path: Assets/TextMesh Pro/Sprites/EmojiOne Attribution.txt
  artifactKey: Guid(381dcb09d5029d14897e55f98031fca5) Importer(815301076,1909f56bfc062723c751e8b465ee728b)
Start importing Assets/TextMesh Pro/Sprites/EmojiOne Attribution.txt using Guid(381dcb09d5029d14897e55f98031fca5) Importer(815301076,1909f56bfc062723c751e8b465ee728b)  -> (artifact id: '44d0d565c80eed902ab8a5b1ea83cabb') in 0.001150 seconds
Number of updated asset objects reloaded before import = 0
Number of asset objects unloaded after import = 1
========================================================================
Received Import Request.
  Time since last request: 0.021452 seconds.
  path: Assets/Scripts/FireHeal.cs
  artifactKey: Guid(371cde0422c9c44d8a716549f4ae703f) Importer(815301076,1909f56bfc062723c751e8b465ee728b)
Start importing Assets/Scripts/FireHeal.cs using Guid(371cde0422c9c44d8a716549f4ae703f) Importer(815301076,1909f56bfc062723c751e8b465ee728b)  -> (artifact id: '83773f049aa990dcb6451f905217e58e') in 0.000632 seconds
Number of updated asset objects reloaded before import = 0
Number of asset objects unloaded after import = 0
========================================================================
Received Import Request.
  Time since last request: 0.036840 seconds.
  path: Assets/TextMesh Pro/Shaders/TMP_SDF Overlay.shader
  artifactKey: Guid(dd89cf5b9246416f84610a006f916af7) Importer(815301076,1909f56bfc062723c751e8b465ee728b)
Start importing Assets/TextMesh Pro/Shaders/TMP_SDF Overlay.shader using Guid(dd89cf5b9246416f84610a006f916af7) Importer(815301076,1909f56bfc062723c751e8b465ee728b)  -> (artifact id: '21fef0ea54c6a09ec48f5738cc5d29a6') in 0.000750 seconds
Number of updated asset objects reloaded before import = 0
Number of asset objects unloaded after import = 0
========================================================================
Received Import Request.
  Time since last request: 0.005633 seconds.
  path: Assets/Scripts/Controller.cs
  artifactKey: Guid(90bc8aaf375794ccca2ed1737e9673bf) Importer(815301076,1909f56bfc062723c751e8b465ee728b)
Start importing Assets/Scripts/Controller.cs using Guid(90bc8aaf375794ccca2ed1737e9673bf) Importer(815301076,1909f56bfc062723c751e8b465ee728b)  -> (artifact id: '985fdd1ebe80276bcb09e486d68d5d87') in 0.000381 seconds
Number of updated asset objects reloaded before import = 0
Number of asset objects unloaded after import = 0
========================================================================
Received Import Request.
  Time since last request: 0.006146 seconds.
  path: Assets/Sprites/slash5-HungNguyen/slash shader/slash5.shadergraph
  artifactKey: Guid(e16e789fa477e094084ad1ad4c5b7ce5) Importer(815301076,1909f56bfc062723c751e8b465ee728b)
Start importing Assets/Sprites/slash5-HungNguyen/slash shader/slash5.shadergraph using Guid(e16e789fa477e094084ad1ad4c5b7ce5) Importer(815301076,1909f56bfc062723c751e8b465ee728b)  -> (artifact id: 'b2658e694baeb2ac71212136792fb16a') in 0.014140 seconds
Number of updated asset objects reloaded before import = 0
Number of asset objects unloaded after import = 5
========================================================================
Received Import Request.
  Time since last request: 0.003278 seconds.
  path: Assets/Sprites/Warrior free set/Aniamtion/WallSlide NoDust.anim
  artifactKey: Guid(beb4e910fbfd19b4eb5736606b0d4d2a) Importer(815301076,1909f56bfc062723c751e8b465ee728b)
Start importing Assets/Sprites/Warrior free set/Aniamtion/WallSlide NoDust.anim using Guid(beb4e910fbfd19b4eb5736606b0d4d2a) Importer(815301076,1909f56bfc062723c751e8b465ee728b)  -> (artifact id: 'ba9c89787dea3d4fe6328a64c4937f0d') in 0.001535 seconds
Number of updated asset objects reloaded before import = 0
Number of asset objects unloaded after import = 1
========================================================================
Received Import Request.
  Time since last request: 0.017239 seconds.
  path: Assets/TextMesh Pro/Resources/Sprite Assets
  artifactKey: Guid(512a49d95c0c4332bdd98131869c23c9) Importer(815301076,1909f56bfc062723c751e8b465ee728b)
Start importing Assets/TextMesh Pro/Resources/Sprite Assets using Guid(512a49d95c0c4332bdd98131869c23c9) Importer(815301076,1909f56bfc062723c751e8b465ee728b)  -> (artifact id: 'a4be22d1ef66f63031ca6da898dd5950') in 0.000357 seconds
Number of updated asset objects reloaded before import = 0
Number of asset objects unloaded after import = 0
========================================================================
Received Import Request.
  Time since last request: 0.005703 seconds.
  path: Assets/Sprites/Props/spr_FirePlace_strip_0.controller
  artifactKey: Guid(5643d66a377fe451787aa81161db833a) Importer(815301076,1909f56bfc062723c751e8b465ee728b)
Start importing Assets/Sprites/Props/spr_FirePlace_strip_0.controller using Guid(5643d66a377fe451787aa81161db833a) Importer(815301076,1909f56bfc062723c751e8b465ee728b)  -> (artifact id: '6bd4aaff3b10108613af4c35d00e9e6d') in 0.006380 seconds
Number of updated asset objects reloaded before import = 0
Number of asset objects unloaded after import = 4
========================================================================
Received Import Request.
  Time since last request: 0.000992 seconds.
  path: Assets/TextMesh Pro/Resources/Fonts & Materials/Nexa Light.otf
  artifactKey: Guid(08e7550994a5d44bb914876fa28bb272) Importer(815301076,1909f56bfc062723c751e8b465ee728b)
Start importing Assets/TextMesh Pro/Resources/Fonts & Materials/Nexa Light.otf using Guid(08e7550994a5d44bb914876fa28bb272) Importer(815301076,1909f56bfc062723c751e8b465ee728b)  -> (artifact id: '564494ed0ccd9b5fa7697718e16c9d03') in 0.009518 seconds
Number of updated asset objects reloaded before import = 0
Number of asset objects unloaded after import = 4
========================================================================
Received Import Request.
  Time since last request: 0.005176 seconds.
  path: Assets/Prefabs/Slime.prefab
  artifactKey: Guid(e235737103a894fbea36679a45de93a7) Importer(815301076,1909f56bfc062723c751e8b465ee728b)
Start importing Assets/Prefabs/Slime.prefab using Guid(e235737103a894fbea36679a45de93a7) Importer(815301076,1909f56bfc062723c751e8b465ee728b)  -> (artifact id: '0a606d4479539a5027596711f8fc936e') in 0.114167 seconds
Number of updated asset objects reloaded before import = 0
Number of asset objects unloaded after import = 289
========================================================================
Received Import Request.
  Time since last request: 0.004857 seconds.
  path: Assets/TextMesh Pro/Shaders/TMP_Bitmap-Mobile.shader
  artifactKey: Guid(1e3b057af24249748ff873be7fafee47) Importer(815301076,1909f56bfc062723c751e8b465ee728b)
Start importing Assets/TextMesh Pro/Shaders/TMP_Bitmap-Mobile.shader using Guid(1e3b057af24249748ff873be7fafee47) Importer(815301076,1909f56bfc062723c751e8b465ee728b)  -> (artifact id: 'c171eff0afc2acfc68db067ffa4caaa5') in 0.000777 seconds
Number of updated asset objects reloaded before import = 0
Number of asset objects unloaded after import = 0
========================================================================
Received Import Request.
  Time since last request: 0.003419 seconds.
  path: Assets/Sprites/Warrior free set/Contact.txt
  artifactKey: Guid(1f4fcd95a0210e443b3a97d3632591b4) Importer(815301076,1909f56bfc062723c751e8b465ee728b)
Start importing Assets/Sprites/Warrior free set/Contact.txt using Guid(1f4fcd95a0210e443b3a97d3632591b4) Importer(815301076,1909f56bfc062723c751e8b465ee728b)  -> (artifact id: '06f89f11fb095808c45c1fbb4454c0b7') in 0.001033 seconds
Number of updated asset objects reloaded before import = 0
Number of asset objects unloaded after import = 1
========================================================================
Received Import Request.
  Time since last request: 0.004163 seconds.
  path: Assets/TextMesh Pro/Shaders/TMP_SDF-Mobile Overlay.shader
  artifactKey: Guid(a02a7d8c237544f1962732b55a9aebf1) Importer(815301076,1909f56bfc062723c751e8b465ee728b)
Start importing Assets/TextMesh Pro/Shaders/TMP_SDF-Mobile Overlay.shader using Guid(a02a7d8c237544f1962732b55a9aebf1) Importer(815301076,1909f56bfc062723c751e8b465ee728b)  -> (artifact id: '04037e8973c1b1f382d98e4d7bece7eb') in 0.000559 seconds
Number of updated asset objects reloaded before import = 0
Number of asset objects unloaded after import = 0
========================================================================
Received Import Request.
  Time since last request: 0.001546 seconds.
  path: Assets/Sprites/Warrior free set/Aniamtion/Slide.anim
  artifactKey: Guid(bd6167e0337245449a259e293568b4bc) Importer(815301076,1909f56bfc062723c751e8b465ee728b)
Start importing Assets/Sprites/Warrior free set/Aniamtion/Slide.anim using Guid(bd6167e0337245449a259e293568b4bc) Importer(815301076,1909f56bfc062723c751e8b465ee728b)  -> (artifact id: '69dae24c4297d479706d8728063b89c1') in 0.000794 seconds
Number of updated asset objects reloaded before import = 0
Number of asset objects unloaded after import = 1
========================================================================
Received Import Request.
  Time since last request: 0.001230 seconds.
  path: Assets/Sprites/Warrior free set/Aniamtion/Hurt NoEffect.anim
  artifactKey: Guid(6659d77b6f610f0448d94a5b1432d882) Importer(815301076,1909f56bfc062723c751e8b465ee728b)
Start importing Assets/Sprites/Warrior free set/Aniamtion/Hurt NoEffect.anim using Guid(6659d77b6f610f0448d94a5b1432d882) Importer(815301076,1909f56bfc062723c751e8b465ee728b)  -> (artifact id: 'e9bcd48a457e5a085eeacf52677ef29c') in 0.000879 seconds
Number of updated asset objects reloaded before import = 0
Number of asset objects unloaded after import = 1
========================================================================
Received Import Request.
  Time since last request: 0.001593 seconds.
  path: Assets/TextMesh Pro/Resources/LineBreaking Leading Characters.txt
  artifactKey: Guid(d82c1b31c7e74239bff1220585707d2b) Importer(815301076,1909f56bfc062723c751e8b465ee728b)
Start importing Assets/TextMesh Pro/Resources/LineBreaking Leading Characters.txt using Guid(d82c1b31c7e74239bff1220585707d2b) Importer(815301076,1909f56bfc062723c751e8b465ee728b)  -> (artifact id: 'c0e0872a344a2232916630376c77a2c5') in 0.001171 seconds
Number of updated asset objects reloaded before import = 0
Number of asset objects unloaded after import = 1
========================================================================
Received Import Request.
  Time since last request: 0.002069 seconds.
  path: Assets/Scripts/DisplayLevel.cs
  artifactKey: Guid(526a54fbd2c724154ab6f050ae79e12b) Importer(815301076,1909f56bfc062723c751e8b465ee728b)
Start importing Assets/Scripts/DisplayLevel.cs using Guid(526a54fbd2c724154ab6f050ae79e12b) Importer(815301076,1909f56bfc062723c751e8b465ee728b)  -> (artifact id: '9bad5864c79f14284c6f50040b269233') in 0.000377 seconds
Number of updated asset objects reloaded before import = 0
Number of asset objects unloaded after import = 0
========================================================================
Received Import Request.
  Time since last request: 0.014012 seconds.
  path: Assets/Sprites/slash5-HungNguyen/slash 5 visual vfx profiles/slash-white-yellow bolder.vfx
  artifactKey: Guid(a477cc5faf5246f4e9473fa965aed1b6) Importer(815301076,1909f56bfc062723c751e8b465ee728b)
Start importing Assets/Sprites/slash5-HungNguyen/slash 5 visual vfx profiles/slash-white-yellow bolder.vfx using Guid(a477cc5faf5246f4e9473fa965aed1b6) Importer(815301076,1909f56bfc062723c751e8b465ee728b)  -> (artifact id: '9e79eab7ae9373c3c83519967a51d9f6') in 0.001770 seconds
Number of updated asset objects reloaded before import = 0
Number of asset objects unloaded after import = 1
========================================================================
Received Import Request.
  Time since last request: 0.001806 seconds.
  path: Assets/TextMesh Pro/Shaders/TMP_SDF SSD.shader
  artifactKey: Guid(14eb328de4b8eb245bb7cea29e4ac00b) Importer(815301076,1909f56bfc062723c751e8b465ee728b)
Start importing Assets/TextMesh Pro/Shaders/TMP_SDF SSD.shader using Guid(14eb328de4b8eb245bb7cea29e4ac00b) Importer(815301076,1909f56bfc062723c751e8b465ee728b)  -> (artifact id: '251ea286b61309ad17c6704e2c3aba59') in 0.001078 seconds
Number of updated asset objects reloaded before import = 0
Number of asset objects unloaded after import = 0
========================================================================
Received Import Request.
  Time since last request: 0.003300 seconds.
  path: Assets/TextMesh Pro/Shaders/TMP_SDF.shader
  artifactKey: Guid(68e6db2ebdc24f95958faec2be5558d6) Importer(815301076,1909f56bfc062723c751e8b465ee728b)
Start importing Assets/TextMesh Pro/Shaders/TMP_SDF.shader using Guid(68e6db2ebdc24f95958faec2be5558d6) Importer(815301076,1909f56bfc062723c751e8b465ee728b)  -> (artifact id: 'bcd46f414217f829b98014fcf5336808') in 0.000605 seconds
Number of updated asset objects reloaded before import = 0
Number of asset objects unloaded after import = 0
========================================================================
Received Import Request.
  Time since last request: 0.018770 seconds.
  path: Assets/Scripts/Controls.cs
  artifactKey: Guid(cb9c4ffacd6b04d00a527c971900d8e9) Importer(815301076,1909f56bfc062723c751e8b465ee728b)
Start importing Assets/Scripts/Controls.cs using Guid(cb9c4ffacd6b04d00a527c971900d8e9) Importer(815301076,1909f56bfc062723c751e8b465ee728b)  -> (artifact id: '2faa1ea96eee913124f02fe8e08edca0') in 0.000440 seconds
Number of updated asset objects reloaded before import = 0
Number of asset objects unloaded after import = 0
========================================================================
Received Import Request.
  Time since last request: 0.001465 seconds.
  path: Assets/TextMesh Pro/Shaders/TMP_SDF-Mobile.shader
  artifactKey: Guid(fe393ace9b354375a9cb14cdbbc28be4) Importer(815301076,1909f56bfc062723c751e8b465ee728b)
Start importing Assets/TextMesh Pro/Shaders/TMP_SDF-Mobile.shader using Guid(fe393ace9b354375a9cb14cdbbc28be4) Importer(815301076,1909f56bfc062723c751e8b465ee728b)  -> (artifact id: '643c3881714037fc3adcc25912c581ef') in 0.000721 seconds
Number of updated asset objects reloaded before import = 0
Number of asset objects unloaded after import = 0
========================================================================
Received Import Request.
  Time since last request: 0.001967 seconds.
  path: Assets/Scripts/EnemyMove.cs
  artifactKey: Guid(9f4902144719946108c562fd2e10aaee) Importer(815301076,1909f56bfc062723c751e8b465ee728b)
Start importing Assets/Scripts/EnemyMove.cs using Guid(9f4902144719946108c562fd2e10aaee) Importer(815301076,1909f56bfc062723c751e8b465ee728b)  -> (artifact id: '80dcfca76ab2ea381a65dbb00e7c95c3') in 0.000350 seconds
Number of updated asset objects reloaded before import = 0
Number of asset objects unloaded after import = 0
========================================================================
Received Import Request.
  Time since last request: 0.001668 seconds.
  path: Assets/Sprites/Warrior free set/Aniamtion/Dash NoDust.anim
  artifactKey: Guid(843e70cca0afdad4fb614572c2f62d3e) Importer(815301076,1909f56bfc062723c751e8b465ee728b)
Start importing Assets/Sprites/Warrior free set/Aniamtion/Dash NoDust.anim using Guid(843e70cca0afdad4fb614572c2f62d3e) Importer(815301076,1909f56bfc062723c751e8b465ee728b)  -> (artifact id: '6de4bd8b99746ec9b0688030d57b86ec') in 0.000916 seconds
Number of updated asset objects reloaded before import = 0
Number of asset objects unloaded after import = 1
========================================================================
Received Import Request.
  Time since last request: 0.002714 seconds.
  path: Assets/Scripts/CameraController.cs
  artifactKey: Guid(9ad2d322b22c744a7a603efcb4acd3d1) Importer(815301076,1909f56bfc062723c751e8b465ee728b)
Start importing Assets/Scripts/CameraController.cs using Guid(9ad2d322b22c744a7a603efcb4acd3d1) Importer(815301076,1909f56bfc062723c751e8b465ee728b)  -> (artifact id: 'ad92dc408491538e8a4bec24ffcdc82d') in 0.000327 seconds
Number of updated asset objects reloaded before import = 0
Number of asset objects unloaded after import = 0
========================================================================
Received Import Request.
  Time since last request: 0.005748 seconds.
  path: Assets/Sprites/Warrior free set/Aniamtion/JumptoFall.anim
  artifactKey: Guid(d4df6aa762f158d4a87a28b86c298977) Importer(815301076,1909f56bfc062723c751e8b465ee728b)
Start importing Assets/Sprites/Warrior free set/Aniamtion/JumptoFall.anim using Guid(d4df6aa762f158d4a87a28b86c298977) Importer(815301076,1909f56bfc062723c751e8b465ee728b)  -> (artifact id: 'ecad12cf0d3169c0cf9b854f84a252e0') in 0.000830 seconds
Number of updated asset objects reloaded before import = 0
Number of asset objects unloaded after import = 1
========================================================================
Received Import Request.
  Time since last request: 0.001956 seconds.
  path: Assets/TextMesh Pro/Shaders/TMP_Bitmap.shader
  artifactKey: Guid(128e987d567d4e2c824d754223b3f3b0) Importer(815301076,1909f56bfc062723c751e8b465ee728b)
Start importing Assets/TextMesh Pro/Shaders/TMP_Bitmap.shader using Guid(128e987d567d4e2c824d754223b3f3b0) Importer(815301076,1909f56bfc062723c751e8b465ee728b)  -> (artifact id: '77b78122955bfa6c12444b9b3218c7b9') in 0.000665 seconds
Number of updated asset objects reloaded before import = 0
Number of asset objects unloaded after import = 0
========================================================================
Received Import Request.
  Time since last request: 0.003446 seconds.
  path: Assets/TextMesh Pro/Shaders/TMP_SDF-Mobile SSD.shader
  artifactKey: Guid(c8d12adcee749c344b8117cf7c7eb912) Importer(815301076,1909f56bfc062723c751e8b465ee728b)
Start importing Assets/TextMesh Pro/Shaders/TMP_SDF-Mobile SSD.shader using Guid(c8d12adcee749c344b8117cf7c7eb912) Importer(815301076,1909f56bfc062723c751e8b465ee728b)  -> (artifact id: '3c6edda38d6b5e8b904365da990a776b') in 0.000613 seconds
Number of updated asset objects reloaded before import = 0
Number of asset objects unloaded after import = 0
========================================================================
Received Import Request.
  Time since last request: 0.005280 seconds.
  path: Assets/Sprites/slash5-HungNguyen/slash 5 visual vfx profiles/slash-white-red bolder.vfx
  artifactKey: Guid(b28130f36ca99cc4e8dfa30ab1dfdae3) Importer(815301076,1909f56bfc062723c751e8b465ee728b)
Start importing Assets/Sprites/slash5-HungNguyen/slash 5 visual vfx profiles/slash-white-red bolder.vfx using Guid(b28130f36ca99cc4e8dfa30ab1dfdae3) Importer(815301076,1909f56bfc062723c751e8b465ee728b)  -> (artifact id: '02e9bdaff9cfe4b489ebfedc8f5224ce') in 0.001220 seconds
Number of updated asset objects reloaded before import = 0
Number of asset objects unloaded after import = 1
========================================================================
Received Import Request.
  Time since last request: 0.001463 seconds.
  path: Assets/Prefabs/SmallPotion.prefab
  artifactKey: Guid(68dc3b4f5ca844be1b673d7c44a36645) Importer(815301076,1909f56bfc062723c751e8b465ee728b)
Start importing Assets/Prefabs/SmallPotion.prefab using Guid(68dc3b4f5ca844be1b673d7c44a36645) Importer(815301076,1909f56bfc062723c751e8b465ee728b)  -> (artifact id: 'b6452881bbd3953f757e7e13e1c9c659') in 0.012626 seconds
Number of updated asset objects reloaded before import = 0
Number of asset objects unloaded after import = 16
========================================================================
Received Import Request.
  Time since last request: 0.007927 seconds.
  path: Assets/Scripts/AttackArea.cs
  artifactKey: Guid(afa43d5d11fdd4609878f119b04c94a6) Importer(815301076,1909f56bfc062723c751e8b465ee728b)
Start importing Assets/Scripts/AttackArea.cs using Guid(afa43d5d11fdd4609878f119b04c94a6) Importer(815301076,1909f56bfc062723c751e8b465ee728b)  -> (artifact id: '81a2fe0812f209930bcd577f8f6b5b9a') in 0.000410 seconds
Number of updated asset objects reloaded before import = 0
Number of asset objects unloaded after import = 0
========================================================================
Received Import Request.
  Time since last request: 0.015745 seconds.
  path: Assets/Sprites/Warrior free set/Aniamtion/Croush.anim
  artifactKey: Guid(86b139d11aaba54458842c1e10da363f) Importer(815301076,1909f56bfc062723c751e8b465ee728b)
Start importing Assets/Sprites/Warrior free set/Aniamtion/Croush.anim using Guid(86b139d11aaba54458842c1e10da363f) Importer(815301076,1909f56bfc062723c751e8b465ee728b)  -> (artifact id: 'a48f9179d71fff5cce8470f84262b805') in 0.001210 seconds
Number of updated asset objects reloaded before import = 0
Number of asset objects unloaded after import = 1
========================================================================
Received Import Request.
  Time since last request: 0.006604 seconds.
  path: Assets/Sprites/slash5-HungNguyen/slash 5 visual vfx profiles/slash-white-green bolder.vfx
  artifactKey: Guid(5581c12b77b52da4ea01ef720f51006f) Importer(815301076,1909f56bfc062723c751e8b465ee728b)
Start importing Assets/Sprites/slash5-HungNguyen/slash 5 visual vfx profiles/slash-white-green bolder.vfx using Guid(5581c12b77b52da4ea01ef720f51006f) Importer(815301076,1909f56bfc062723c751e8b465ee728b)  -> (artifact id: '243803b21a4974a9fd4cd899909351e5') in 0.001226 seconds
Number of updated asset objects reloaded before import = 0
Number of asset objects unloaded after import = 1
========================================================================
Received Import Request.
  Time since last request: 0.003461 seconds.
  path: Assets/Sprites/slash5-HungNguyen/slash shader
  artifactKey: Guid(eab63d001ff244846aaa08ab4981b8cc) Importer(815301076,1909f56bfc062723c751e8b465ee728b)
Start importing Assets/Sprites/slash5-HungNguyen/slash shader using Guid(eab63d001ff244846aaa08ab4981b8cc) Importer(815301076,1909f56bfc062723c751e8b465ee728b)  -> (artifact id: '83727ef8a2c03a6ca24c06fc30064a7e') in 0.000559 seconds
Number of updated asset objects reloaded before import = 0
Number of asset objects unloaded after import = 0
========================================================================
Received Import Request.
  Time since last request: 0.003130 seconds.
  path: Assets/Sprites/Warrior free set/Aniamtion/Warrior.controller
  artifactKey: Guid(312496b25d842af4a938e96c7d5aaee0) Importer(815301076,1909f56bfc062723c751e8b465ee728b)
Start importing Assets/Sprites/Warrior free set/Aniamtion/Warrior.controller using Guid(312496b25d842af4a938e96c7d5aaee0) Importer(815301076,1909f56bfc062723c751e8b465ee728b)  -> (artifact id: '25f8163fc0d67f0453997a342f37b8d6') in 0.005310 seconds
Number of updated asset objects reloaded before import = 0
Number of asset objects unloaded after import = 62
========================================================================
Received Import Request.
  Time since last request: 0.017348 seconds.
  path: Assets/TextMesh Pro/Sprites/EmojiOne.json
  artifactKey: Guid(8f05276190cf498a8153f6cbe761d4e6) Importer(815301076,1909f56bfc062723c751e8b465ee728b)
Start importing Assets/TextMesh Pro/Sprites/EmojiOne.json using Guid(8f05276190cf498a8153f6cbe761d4e6) Importer(815301076,1909f56bfc062723c751e8b465ee728b)  -> (artifact id: 'd8fb3b35584e293e1af718b86d7fa852') in 0.001578 seconds
Number of updated asset objects reloaded before import = 0
Number of asset objects unloaded after import = 1
========================================================================
Received Import Request.
  Time since last request: 0.007470 seconds.
  path: Assets/TextMesh Pro/Resources/Fonts & Materials
  artifactKey: Guid(731f1baa9d144a9897cb1d341c2092b8) Importer(815301076,1909f56bfc062723c751e8b465ee728b)
Start importing Assets/TextMesh Pro/Resources/Fonts & Materials using Guid(731f1baa9d144a9897cb1d341c2092b8) Importer(815301076,1909f56bfc062723c751e8b465ee728b)  -> (artifact id: '3a7eab248413d5372ca0e38f8fa86db8') in 0.000421 seconds
Number of updated asset objects reloaded before import = 0
Number of asset objects unloaded after import = 0
========================================================================
Received Import Request.
  Time since last request: 0.004652 seconds.
  path: Assets/Scripts/HealthBar.cs
  artifactKey: Guid(501871b8324b942fda1df2c49d05a05f) Importer(815301076,1909f56bfc062723c751e8b465ee728b)
Start importing Assets/Scripts/HealthBar.cs using Guid(501871b8324b942fda1df2c49d05a05f) Importer(815301076,1909f56bfc062723c751e8b465ee728b)  -> (artifact id: '250493e8f1bd5bbd6ebced01a5999e7c') in 0.000382 seconds
Number of updated asset objects reloaded before import = 0
Number of asset objects unloaded after import = 0
========================================================================
Received Import Request.
  Time since last request: 0.001355 seconds.
  path: Assets/TextMesh Pro/Shaders/TMP_SDF-Surface-Mobile.shader
  artifactKey: Guid(85187c2149c549c5b33f0cdb02836b17) Importer(815301076,1909f56bfc062723c751e8b465ee728b)
Start importing Assets/TextMesh Pro/Shaders/TMP_SDF-Surface-Mobile.shader using Guid(85187c2149c549c5b33f0cdb02836b17) Importer(815301076,1909f56bfc062723c751e8b465ee728b)  -> (artifact id: '7e0aff3e266f3c5f0e1b1164898b3c17') in 0.000639 seconds
Number of updated asset objects reloaded before import = 0
Number of asset objects unloaded after import = 0
========================================================================
Received Import Request.
  Time since last request: 0.001472 seconds.
  path: Assets/TextMesh Pro/Shaders/TMPro_Properties.cginc
  artifactKey: Guid(3997e2241185407d80309a82f9148466) Importer(815301076,1909f56bfc062723c751e8b465ee728b)
Start importing Assets/TextMesh Pro/Shaders/TMPro_Properties.cginc using Guid(3997e2241185407d80309a82f9148466) Importer(815301076,1909f56bfc062723c751e8b465ee728b)  -> (artifact id: 'fb17b39ab37ff5c4a0c347358e9d790f') in 0.000836 seconds
Number of updated asset objects reloaded before import = 0
Number of asset objects unloaded after import = 1
========================================================================
Received Import Request.
  Time since last request: 0.002395 seconds.
  path: Assets/Sprites/Warrior free set/Aniamtion/Hurt.anim
  artifactKey: Guid(1d521053550d8d144afedd4351f60390) Importer(815301076,1909f56bfc062723c751e8b465ee728b)
Start importing Assets/Sprites/Warrior free set/Aniamtion/Hurt.anim using Guid(1d521053550d8d144afedd4351f60390) Importer(815301076,1909f56bfc062723c751e8b465ee728b)  -> (artifact id: '5fc58d04cf80514466a43c682519307b') in 0.000810 seconds
Number of updated asset objects reloaded before import = 0
Number of asset objects unloaded after import = 1
========================================================================
Received Import Request.
  Time since last request: 0.007369 seconds.
  path: Assets/Sprites/Warrior free set/Aniamtion/Death.anim
  artifactKey: Guid(36684c15dec018a4ca8dcf9c646e3c15) Importer(815301076,1909f56bfc062723c751e8b465ee728b)
Start importing Assets/Sprites/Warrior free set/Aniamtion/Death.anim using Guid(36684c15dec018a4ca8dcf9c646e3c15) Importer(815301076,1909f56bfc062723c751e8b465ee728b)  -> (artifact id: '5f9bb4c35fe9fe640705fa151f430e91') in 0.000810 seconds
Number of updated asset objects reloaded before import = 0
Number of asset objects unloaded after import = 1
========================================================================
Received Import Request.
  Time since last request: 0.001129 seconds.
  path: Assets/Sprites/Warrior free set/Aniamtion/Dash-Attack NoDust.anim
  artifactKey: Guid(0c7066d4537dfda4ca3d399157b665a7) Importer(815301076,1909f56bfc062723c751e8b465ee728b)
Start importing Assets/Sprites/Warrior free set/Aniamtion/Dash-Attack NoDust.anim using Guid(0c7066d4537dfda4ca3d399157b665a7) Importer(815301076,1909f56bfc062723c751e8b465ee728b)  -> (artifact id: '0755e8a29ccec4af6bacca2f723447ca') in 0.000865 seconds
Number of updated asset objects reloaded before import = 0
Number of asset objects unloaded after import = 1
========================================================================
Received Import Request.
  Time since last request: 0.009154 seconds.
  path: Assets/Sprites/slash5-HungNguyen/slash 5 visual vfx profiles/slash-white-blue bolder.vfx
  artifactKey: Guid(1efed76a5cb06fc4fad682743c40f387) Importer(815301076,1909f56bfc062723c751e8b465ee728b)
Start importing Assets/Sprites/slash5-HungNguyen/slash 5 visual vfx profiles/slash-white-blue bolder.vfx using Guid(1efed76a5cb06fc4fad682743c40f387) Importer(815301076,1909f56bfc062723c751e8b465ee728b)  -> (artifact id: '83eba5fddc46c155d157306760b87706') in 0.001520 seconds
Number of updated asset objects reloaded before import = 0
Number of asset objects unloaded after import = 1
========================================================================
Received Import Request.
  Time since last request: 0.014851 seconds.
  path: Assets/TextMesh Pro/Documentation
  artifactKey: Guid(8e7e8f5a82a3a134e91c54efd2274ea9) Importer(815301076,1909f56bfc062723c751e8b465ee728b)
Start importing Assets/TextMesh Pro/Documentation using Guid(8e7e8f5a82a3a134e91c54efd2274ea9) Importer(815301076,1909f56bfc062723c751e8b465ee728b)  -> (artifact id: '1284b6d9112892823920c4a518038a02') in 0.000450 seconds
Number of updated asset objects reloaded before import = 0
Number of asset objects unloaded after import = 0
========================================================================
Received Import Request.
  Time since last request: 0.001464 seconds.
  path: Assets/TextMesh Pro/Shaders/TMPro.cginc
  artifactKey: Guid(407bc68d299748449bbf7f48ee690f8d) Importer(815301076,1909f56bfc062723c751e8b465ee728b)
Start importing Assets/TextMesh Pro/Shaders/TMPro.cginc using Guid(407bc68d299748449bbf7f48ee690f8d) Importer(815301076,1909f56bfc062723c751e8b465ee728b)  -> (artifact id: 'b2f603c20fc83149d951696e0b5ff78e') in 0.001107 seconds
Number of updated asset objects reloaded before import = 0
Number of asset objects unloaded after import = 1
========================================================================
Received Import Request.
  Time since last request: 0.003259 seconds.
  path: Assets/Sprites/slash5-HungNguyen/Read me Stylizer Slash HungNguyen.pdf
  artifactKey: Guid(e58d69ba9f881d644b886ccaddfcffab) Importer(815301076,1909f56bfc062723c751e8b465ee728b)
Start importing Assets/Sprites/slash5-HungNguyen/Read me Stylizer Slash HungNguyen.pdf using Guid(e58d69ba9f881d644b886ccaddfcffab) Importer(815301076,1909f56bfc062723c751e8b465ee728b)  -> (artifact id: '31a7ee0e71bc20971891c4113de9e4d0') in 0.000883 seconds
Number of updated asset objects reloaded before import = 0
Number of asset objects unloaded after import = 1
========================================================================
Received Import Request.
  Time since last request: 0.001450 seconds.
  path: Assets/TextMesh Pro/Fonts/LiberationSans - OFL.txt
  artifactKey: Guid(6e59c59b81ab47f9b6ec5781fa725d2c) Importer(815301076,1909f56bfc062723c751e8b465ee728b)
Start importing Assets/TextMesh Pro/Fonts/LiberationSans - OFL.txt using Guid(6e59c59b81ab47f9b6ec5781fa725d2c) Importer(815301076,1909f56bfc062723c751e8b465ee728b)  -> (artifact id: 'b65a4ce8400ff49749468270fd34ede3') in 0.000873 seconds
Number of updated asset objects reloaded before import = 0
Number of asset objects unloaded after import = 1
========================================================================
Received Import Request.
  Time since last request: 0.005244 seconds.
  path: Assets/TextMesh Pro/Resources/Style Sheets
  artifactKey: Guid(4aecb92fff08436c8303b10eab8da368) Importer(815301076,1909f56bfc062723c751e8b465ee728b)
Start importing Assets/TextMesh Pro/Resources/Style Sheets using Guid(4aecb92fff08436c8303b10eab8da368) Importer(815301076,1909f56bfc062723c751e8b465ee728b)  -> (artifact id: '056cf6914e695e5184ae907488c442f7') in 0.000403 seconds
Number of updated asset objects reloaded before import = 0
Number of asset objects unloaded after import = 0
========================================================================
Received Import Request.
  Time since last request: 0.016242 seconds.
  path: Assets/TextMesh Pro/Shaders/TMP_SDF-Mobile Masking.shader
  artifactKey: Guid(bc1ede39bf3643ee8e493720e4259791) Importer(815301076,1909f56bfc062723c751e8b465ee728b)
Start importing Assets/TextMesh Pro/Shaders/TMP_SDF-Mobile Masking.shader using Guid(bc1ede39bf3643ee8e493720e4259791) Importer(815301076,1909f56bfc062723c751e8b465ee728b)  -> (artifact id: '8fef55397c971f6a7448d21ff3fbecc9') in 0.000797 seconds
Number of updated asset objects reloaded before import = 0
Number of asset objects unloaded after import = 0
========================================================================
Received Import Request.
  Time since last request: 0.001474 seconds.
  path: Assets/Scenes/Game.unity
  artifactKey: Guid(9fc0d4010bbf28b4594072e72b8655ab) Importer(815301076,1909f56bfc062723c751e8b465ee728b)
Start importing Assets/Scenes/Game.unity using Guid(9fc0d4010bbf28b4594072e72b8655ab) Importer(815301076,1909f56bfc062723c751e8b465ee728b)  -> (artifact id: 'c0835e10240e2cea195afc1b6f5a77f0') in 0.000368 seconds
Number of updated asset objects reloaded before import = 0
Number of asset objects unloaded after import = 0
========================================================================
Received Import Request.
  Time since last request: 0.007186 seconds.
  path: Assets/TextMesh Pro/Shaders/TMPro_Mobile.cginc
  artifactKey: Guid(c334973cef89a9840b0b0c507e0377ab) Importer(815301076,1909f56bfc062723c751e8b465ee728b)
Start importing Assets/TextMesh Pro/Shaders/TMPro_Mobile.cginc using Guid(c334973cef89a9840b0b0c507e0377ab) Importer(815301076,1909f56bfc062723c751e8b465ee728b)  -> (artifact id: 'ed4948e3d3b156c358d774882348c13a') in 0.001083 seconds
Number of updated asset objects reloaded before import = 0
Number of asset objects unloaded after import = 1
========================================================================
Received Import Request.
  Time since last request: 0.001957 seconds.
  path: Assets/TextMesh Pro/Resources/Fonts & Materials/LiberationSans SDF - Fallback.asset
  artifactKey: Guid(2e498d1c8094910479dc3e1b768306a4) Importer(815301076,1909f56bfc062723c751e8b465ee728b)
Start importing Assets/TextMesh Pro/Resources/Fonts & Materials/LiberationSans SDF - Fallback.asset using Guid(2e498d1c8094910479dc3e1b768306a4) Importer(815301076,1909f56bfc062723c751e8b465ee728b)  -> (artifact id: '0f2e04975e4be820c41788b3ed4e7c34') in 0.677223 seconds
Number of updated asset objects reloaded before import = 0
Number of asset objects unloaded after import = 8
========================================================================
Received Import Request.
  Time since last request: 0.004621 seconds.
  path: Assets/Sprites/Warrior free set/Demo.unity
  artifactKey: Guid(14a2430fd109a08429c462b16fc369a6) Importer(815301076,1909f56bfc062723c751e8b465ee728b)
Start importing Assets/Sprites/Warrior free set/Demo.unity using Guid(14a2430fd109a08429c462b16fc369a6) Importer(815301076,1909f56bfc062723c751e8b465ee728b)  -> (artifact id: '691db519652d7e52be30e2ae7c401d1d') in 0.000524 seconds
Number of updated asset objects reloaded before import = 0
Number of asset objects unloaded after import = 0
========================================================================
Received Import Request.
  Time since last request: 0.029073 seconds.
  path: Assets/TextMesh Pro/Shaders/TMP_SDF-Surface.shader
  artifactKey: Guid(f7ada0af4f174f0694ca6a487b8f543d) Importer(815301076,1909f56bfc062723c751e8b465ee728b)
Start importing Assets/TextMesh Pro/Shaders/TMP_SDF-Surface.shader using Guid(f7ada0af4f174f0694ca6a487b8f543d) Importer(815301076,1909f56bfc062723c751e8b465ee728b)  -> (artifact id: '92a1efb28867ba7b5b304ea9eaf03cf2') in 0.000827 seconds
Number of updated asset objects reloaded before import = 0
Number of asset objects unloaded after import = 0
========================================================================
Received Import Request.
  Time since last request: 0.001665 seconds.
  path: Assets/Sprites/Warrior free set/Aniamtion/Attack.anim
  artifactKey: Guid(d580f1d1a428cb040b4d98afe8ba4e60) Importer(815301076,1909f56bfc062723c751e8b465ee728b)
Start importing Assets/Sprites/Warrior free set/Aniamtion/Attack.anim using Guid(d580f1d1a428cb040b4d98afe8ba4e60) Importer(815301076,1909f56bfc062723c751e8b465ee728b)  -> (artifact id: '8de6c05bc9a99f87342cfd12a8b8f530') in 0.000962 seconds
Number of updated asset objects reloaded before import = 0
Number of asset objects unloaded after import = 1
========================================================================
Received Import Request.
  Time since last request: 0.004308 seconds.
  path: Assets/Scripts/Settings.cs
  artifactKey: Guid(768a806e1a6da4f3c97df568a908a941) Importer(815301076,1909f56bfc062723c751e8b465ee728b)
Start importing Assets/Scripts/Settings.cs using Guid(768a806e1a6da4f3c97df568a908a941) Importer(815301076,1909f56bfc062723c751e8b465ee728b)  -> (artifact id: 'dd49f9cc670f6e895d18154140f99a14') in 0.000390 seconds
Number of updated asset objects reloaded before import = 0
Number of asset objects unloaded after import = 0
========================================================================
Received Import Request.
  Time since last request: 0.014561 seconds.
  path: Assets/Prefabs/xp.prefab
  artifactKey: Guid(00a15e835297e4ca097977cb7d9a4a7e) Importer(815301076,1909f56bfc062723c751e8b465ee728b)
Start importing Assets/Prefabs/xp.prefab using Guid(00a15e835297e4ca097977cb7d9a4a7e) Importer(815301076,1909f56bfc062723c751e8b465ee728b)  -> (artifact id: '82c4cc72c0c9e5ac1d1df834dc85a0ba') in 0.012435 seconds
Number of updated asset objects reloaded before import = 0
Number of asset objects unloaded after import = 16
========================================================================
Received Import Request.
  Time since last request: 0.003820 seconds.
  path: Assets/Sprites/Warrior free set/Aniamtion/Death NoEffect.anim
  artifactKey: Guid(0a0a51f3b63fc2b4794bb0f1e335dde1) Importer(815301076,1909f56bfc062723c751e8b465ee728b)
Start importing Assets/Sprites/Warrior free set/Aniamtion/Death NoEffect.anim using Guid(0a0a51f3b63fc2b4794bb0f1e335dde1) Importer(815301076,1909f56bfc062723c751e8b465ee728b)  -> (artifact id: '141535509ea702bb03ef07590c544ce1') in 0.001347 seconds
Number of updated asset objects reloaded before import = 0
Number of asset objects unloaded after import = 1
========================================================================
Received Import Request.
  Time since last request: 0.013818 seconds.
  path: Assets/TextMesh Pro/Resources/TMP Settings.asset
  artifactKey: Guid(3f5b5dff67a942289a9defa416b206f3) Importer(815301076,1909f56bfc062723c751e8b465ee728b)
Start importing Assets/TextMesh Pro/Resources/TMP Settings.asset using Guid(3f5b5dff67a942289a9defa416b206f3) Importer(815301076,1909f56bfc062723c751e8b465ee728b)  -> (artifact id: '03ea1972c79e2717dc61467c8ce2277e') in 0.040208 seconds
Number of updated asset objects reloaded before import = 0
Number of asset objects unloaded after import = 17
========================================================================
Received Import Request.
  Time since last request: 0.004342 seconds.
  path: Assets/TextMesh Pro/Sprites
  artifactKey: Guid(d0603b6d5186471b96c778c3949c7ce2) Importer(815301076,1909f56bfc062723c751e8b465ee728b)
Start importing Assets/TextMesh Pro/Sprites using Guid(d0603b6d5186471b96c778c3949c7ce2) Importer(815301076,1909f56bfc062723c751e8b465ee728b)  -> (artifact id: '6cb8c8d526b56b02a177794fb5aaffbd') in 0.002332 seconds
Number of updated asset objects reloaded before import = 0
Number of asset objects unloaded after import = 0
========================================================================
Received Import Request.
  Time since last request: 0.009529 seconds.
  path: Assets/Sprites/Enemies/Slime/Die.anim
  artifactKey: Guid(86c180310a584422aad23f20f764b324) Importer(815301076,1909f56bfc062723c751e8b465ee728b)
Start importing Assets/Sprites/Enemies/Slime/Die.anim using Guid(86c180310a584422aad23f20f764b324) Importer(815301076,1909f56bfc062723c751e8b465ee728b)  -> (artifact id: '2bee34f185a64c57f6eed0e8a32e57b2') in 0.001056 seconds
Number of updated asset objects reloaded before import = 0
Number of asset objects unloaded after import = 1
========================================================================
Received Import Request.
  Time since last request: 0.005581 seconds.
  path: Assets/TextMesh Pro/Documentation/TextMesh Pro User Guide 2016.pdf
  artifactKey: Guid(1b8d251f9af63b746bf2f7ffe00ebb9b) Importer(815301076,1909f56bfc062723c751e8b465ee728b)
Start importing Assets/TextMesh Pro/Documentation/TextMesh Pro User Guide 2016.pdf using Guid(1b8d251f9af63b746bf2f7ffe00ebb9b) Importer(815301076,1909f56bfc062723c751e8b465ee728b)  -> (artifact id: 'b77d945af6f2a2ba96621f031f3cbc4d') in 0.001140 seconds
Number of updated asset objects reloaded before import = 0
Number of asset objects unloaded after import = 1
========================================================================
Received Import Request.
  Time since last request: 0.001712 seconds.
  path: Assets/Sprites/Warrior free set/Aniamtion/Dash-Attack.anim
  artifactKey: Guid(11822cbe6f25108459fd2ef98cc9255c) Importer(815301076,1909f56bfc062723c751e8b465ee728b)
Start importing Assets/Sprites/Warrior free set/Aniamtion/Dash-Attack.anim using Guid(11822cbe6f25108459fd2ef98cc9255c) Importer(815301076,1909f56bfc062723c751e8b465ee728b)  -> (artifact id: 'c93c0245453b34848d7f0be7384dab73') in 0.001028 seconds
Number of updated asset objects reloaded before import = 0
Number of asset objects unloaded after import = 1
========================================================================
Received Import Request.
  Time since last request: 0.001670 seconds.
  path: Assets/Sprites/Props/fire2.anim
  artifactKey: Guid(7074dd11049b34e8e838ef3e32264f9a) Importer(815301076,1909f56bfc062723c751e8b465ee728b)
Start importing Assets/Sprites/Props/fire2.anim using Guid(7074dd11049b34e8e838ef3e32264f9a) Importer(815301076,1909f56bfc062723c751e8b465ee728b)  -> (artifact id: '5981787f2b6dd39f8fa8f3cc17a8b19d') in 0.001419 seconds
Number of updated asset objects reloaded before import = 0
Number of asset objects unloaded after import = 1
========================================================================
Received Import Request.
  Time since last request: 0.001560 seconds.
  path: Assets/Scripts/MainMenu.cs
  artifactKey: Guid(422df4ac033fd4defab00b9d309686d8) Importer(815301076,1909f56bfc062723c751e8b465ee728b)
Start importing Assets/Scripts/MainMenu.cs using Guid(422df4ac033fd4defab00b9d309686d8) Importer(815301076,1909f56bfc062723c751e8b465ee728b)  -> (artifact id: '5a3cb0a06d88756e877a733108f690f3') in 0.000452 seconds
Number of updated asset objects reloaded before import = 0
Number of asset objects unloaded after import = 0
========================================================================
Received Import Request.
  Time since last request: 0.001569 seconds.
  path: Assets/TextMesh Pro/Resources
  artifactKey: Guid(243e06394e614e5d99fab26083b707fa) Importer(815301076,1909f56bfc062723c751e8b465ee728b)
Start importing Assets/TextMesh Pro/Resources using Guid(243e06394e614e5d99fab26083b707fa) Importer(815301076,1909f56bfc062723c751e8b465ee728b)  -> (artifact id: 'b2c36a6349224b0ebebc1e51428e6fea') in 0.000718 seconds
Number of updated asset objects reloaded before import = 0
Number of asset objects unloaded after import = 0
========================================================================
Received Import Request.
  Time since last request: 0.005644 seconds.
  path: Assets/Scenes/Level3.unity
  artifactKey: Guid(0288e63a4eb974563a3ec0fdb8ebd12e) Importer(815301076,1909f56bfc062723c751e8b465ee728b)
Start importing Assets/Scenes/Level3.unity using Guid(0288e63a4eb974563a3ec0fdb8ebd12e) Importer(815301076,1909f56bfc062723c751e8b465ee728b)  -> (artifact id: 'b9b1628616257610e7fc0371b998258a') in 0.000566 seconds
Number of updated asset objects reloaded before import = 0
Number of asset objects unloaded after import = 0
========================================================================
Received Import Request.
  Time since last request: 0.003593 seconds.
  path: Assets/TextMesh Pro/Fonts/LiberationSans.ttf
  artifactKey: Guid(e3265ab4bf004d28a9537516768c1c75) Importer(815301076,1909f56bfc062723c751e8b465ee728b)
Start importing Assets/TextMesh Pro/Fonts/LiberationSans.ttf using Guid(e3265ab4bf004d28a9537516768c1c75) Importer(815301076,1909f56bfc062723c751e8b465ee728b)  -> (artifact id: '8756f7c291147a75e95d0f4a0d9e7e56') in 0.023800 seconds
Number of updated asset objects reloaded before import = 0
Number of asset objects unloaded after import = 4
========================================================================
Received Import Request.
  Time since last request: 0.002130 seconds.
  path: Assets/Sprites/Warrior free set/Aniamtion/Dash.anim
  artifactKey: Guid(d0a4093ee0ec55147bac14be99a1f772) Importer(815301076,1909f56bfc062723c751e8b465ee728b)
Start importing Assets/Sprites/Warrior free set/Aniamtion/Dash.anim using Guid(d0a4093ee0ec55147bac14be99a1f772) Importer(815301076,1909f56bfc062723c751e8b465ee728b)  -> (artifact id: '7fcf9738d61eeafecf7f8b1c95e65a20') in 0.009376 seconds
Number of updated asset objects reloaded before import = 0
Number of asset objects unloaded after import = 1
